<?xml version="1.0" encoding="UTF-8"?>
<!-- Generated by org.testng.reporters.JUnitReportReporter -->
<testsuite skipped="0" hostname="DESKTOP-SOJHC9I" name="cn.book.login.LoginApplicationTests" tests="1" failures="0" timestamp="2018-10-28T00:14:16 CST" time="6.388" errors="0">
  <testcase name="contextLoads" time="6.388" classname="cn.book.login.LoginApplicationTests"/>
</testsuite> <!-- cn.book.login.LoginApplicationTests -->
