<?xml version="1.0" encoding="UTF-8"?>
<!-- Generated by org.testng.reporters.JUnitReportReporter -->
<testsuite skipped="0" hostname="DESKTOP-SOJHC9I" name="cn.linkbook.loginfront.LoginFrontApplicationTests" tests="1" failures="0" timestamp="2018-10-28T00:14:31 CST" time="5.170" errors="0">
  <testcase name="contextLoads" time="5.170" classname="cn.linkbook.loginfront.LoginFrontApplicationTests"/>
</testsuite> <!-- cn.linkbook.loginfront.LoginFrontApplicationTests -->
